<?xml version="1.0" encoding="UTF-8"?>
<!-- Generated by org.testng.reporters.JUnitXMLReporter -->
<testsuite ignored="0" hostname="DESKTOP-CATJNUB" failures="0" tests="4" name="Default test" time="44.053" errors="0" timestamp="2022-10-17T10:30:55 EDT">
  <testcase classname="AkarCorp.Tests.SubmitOrderTest" name="orderSubmit" time="5.101"/>
  <testcase classname="AkarCorp.Tests.SubmitOrderTest" name="orderSubmit" time="4.552"/>
  <testcase classname="AkarCorp.Tests.SubmitOrderTest" name="orderHistoryVerify" time="1.992"/>
  <testcase classname="AkarCorp.Tests.SubmitOrderTest" name="orderHistoryVerify" time="1.441"/>
</testsuite> <!-- Default test -->
