<?xml version="1.0" encoding="UTF-8"?>
<!-- Generated by org.testng.reporters.JUnitXMLReporter -->
<testsuite ignored="2" hostname="DESKTOP-CATJNUB" failures="0" tests="0" time="0.018" errors="0" timestamp="2022-10-19T11:53:14 EDT">
  <testcase classname="AkarCorp.Tests.ErrorValidationTest" name="errorValidationLogin" time="0.0">
    <ignored/>
  </testcase> <!-- errorValidationLogin -->
  <testcase classname="AkarCorp.Tests.ErrorValidationTest" name="errorValidationSubmitOrder" time="0.0">
    <ignored/>
  </testcase> <!-- errorValidationSubmitOrder -->
</testsuite>
