<?xml version="1.0" encoding="UTF-8"?>
<!-- Generated by org.testng.reporters.JUnitXMLReporter -->
<testsuite ignored="0" hostname="DESKTOP-CATJNUB" failures="0" tests="4" name="Submit Order Test" time="79.407" errors="0" timestamp="2022-10-19T12:35:51 EDT">
  <testcase classname="AkarCorp.Tests.SubmitOrderTest" name="orderSubmit" time="4.711"/>
  <testcase classname="AkarCorp.Tests.SubmitOrderTest" name="orderSubmit" time="6.423"/>
  <testcase classname="AkarCorp.Tests.SubmitOrderTest" name="orderHistoryVerify" time="1.45"/>
  <testcase classname="AkarCorp.Tests.SubmitOrderTest" name="orderHistoryVerify" time="2.264"/>
</testsuite> <!-- Submit Order Test -->
