<?xml version="1.0" encoding="UTF-8"?>
<!-- Generated by org.testng.reporters.JUnitXMLReporter -->
<testsuite ignored="0" hostname="DESKTOP-CATJNUB" failures="0" tests="4" name="Submit Order Test" time="25.73" errors="0" timestamp="2022-10-19T17:09:57 EDT">
  <testcase classname="AkarCorp.Tests.SubmitOrderTest" name="orderSubmit" time="3.656"/>
  <testcase classname="AkarCorp.Tests.SubmitOrderTest" name="orderSubmit" time="3.577"/>
  <testcase classname="AkarCorp.Tests.SubmitOrderTest" name="orderHistoryVerify" time="0.875"/>
  <testcase classname="AkarCorp.Tests.SubmitOrderTest" name="orderHistoryVerify" time="0.852"/>
</testsuite> <!-- Submit Order Test -->
