<?xml version="1.0" encoding="UTF-8"?>
<!-- Generated by org.testng.reporters.JUnitXMLReporter -->
<testsuite ignored="0" hostname="DESKTOP-CATJNUB" failures="0" tests="2" name="ErrorValidation" time="17.488" errors="0" timestamp="2022-10-19T15:33:45 EDT">
  <testcase classname="AkarCorp.Tests.ErrorValidationTest" name="errorValidationLogin" time="1.165"/>
  <testcase classname="AkarCorp.Tests.ErrorValidationTest" name="errorValidationSubmitOrder" time="2.61"/>
</testsuite> <!-- ErrorValidation -->
