<?xml version="1.0" encoding="UTF-8"?>
<!-- Generated by org.testng.reporters.JUnitXMLReporter -->
<testsuite ignored="0" hostname="DESKTOP-CATJNUB" failures="0" tests="4" name="Submit Order Test" time="26.352" errors="0" timestamp="2022-10-19T15:36:37 EDT">
  <testcase classname="AkarCorp.Tests.SubmitOrderTest" name="orderSubmit" time="3.855"/>
  <testcase classname="AkarCorp.Tests.SubmitOrderTest" name="orderSubmit" time="3.809"/>
  <testcase classname="AkarCorp.Tests.SubmitOrderTest" name="orderHistoryVerify" time="0.932"/>
  <testcase classname="AkarCorp.Tests.SubmitOrderTest" name="orderHistoryVerify" time="0.82"/>
</testsuite> <!-- Submit Order Test -->
