<?xml version="1.0" encoding="UTF-8"?>
<!-- Generated by org.testng.reporters.JUnitXMLReporter -->
<testsuite ignored="2" hostname="DESKTOP-CATJNUB" failures="0" tests="0" time="0.01" errors="0" timestamp="2022-10-17T16:21:41 EDT">
  <testcase classname="AkarCorp.Tests.SubmitOrderTest" name="orderSubmit" time="0.0">
    <ignored/>
  </testcase> <!-- orderSubmit -->
  <testcase classname="AkarCorp.Tests.SubmitOrderTest" name="orderHistoryVerify" time="0.0">
    <ignored/>
  </testcase> <!-- orderHistoryVerify -->
</testsuite>
