<?xml version="1.0" encoding="UTF-8"?>
<testng-results ignored="0" total="4" passed="4" failed="0" skipped="0">
  <reporter-output>
  </reporter-output>
  <suite started-at="2022-10-19T15:36:11 EDT" name="Suite" finished-at="2022-10-19T15:36:37 EDT" duration-ms="26352">
    <groups>
      <group name="Purchase">
        <method signature="SubmitOrderTest.orderSubmit(java.util.HashMap)[pri:0, instance:AkarCorp.Tests.SubmitOrderTest@7c37508a]" name="orderSubmit" class="AkarCorp.Tests.SubmitOrderTest"/>
        <method signature="SubmitOrderTest.orderHistoryVerify(java.lang.String,java.lang.String,java.lang.String)[pri:0, instance:AkarCorp.Tests.SubmitOrderTest@7c37508a]" name="orderHistoryVerify" class="AkarCorp.Tests.SubmitOrderTest"/>
      </group> <!-- Purchase -->
    </groups>
    <test started-at="2022-10-19T15:36:11 EDT" name="Submit Order Test" finished-at="2022-10-19T15:36:37 EDT" duration-ms="26352">
      <class name="AkarCorp.Tests.SubmitOrderTest">
        <test-method is-config="true" signature="launchApplication()[pri:0, instance:AkarCorp.Tests.SubmitOrderTest@7c37508a]" started-at="2022-10-19T15:36:11 EDT" name="launchApplication" finished-at="2022-10-19T15:36:16 EDT" duration-ms="4994" status="PASS">
          <reporter-output>
          </reporter-output>
        </test-method> <!-- launchApplication -->
        <test-method signature="orderSubmit(java.util.HashMap)[pri:0, instance:AkarCorp.Tests.SubmitOrderTest@7c37508a]" started-at="2022-10-19T15:36:16 EDT" name="orderSubmit" data-provider="getDataForSubmitOrder" finished-at="2022-10-19T15:36:20 EDT" duration-ms="3855" status="PASS">
          <params>
            <param index="0">
              <value>
                <![CDATA[{password=P@trick1, product=ZARA COAT 3, email=patrickbateman@email.com}]]>
              </value>
            </param>
          </params>
          <reporter-output>
          </reporter-output>
        </test-method> <!-- orderSubmit -->
        <test-method is-config="true" signature="tearDown()[pri:0, instance:AkarCorp.Tests.SubmitOrderTest@7c37508a]" started-at="2022-10-19T15:36:20 EDT" name="tearDown" finished-at="2022-10-19T15:36:20 EDT" duration-ms="197" status="PASS">
          <reporter-output>
          </reporter-output>
        </test-method> <!-- tearDown -->
        <test-method is-config="true" signature="launchApplication()[pri:0, instance:AkarCorp.Tests.SubmitOrderTest@7c37508a]" started-at="2022-10-19T15:36:20 EDT" name="launchApplication" finished-at="2022-10-19T15:36:24 EDT" duration-ms="3644" status="PASS">
          <reporter-output>
          </reporter-output>
        </test-method> <!-- launchApplication -->
        <test-method signature="orderSubmit(java.util.HashMap)[pri:0, instance:AkarCorp.Tests.SubmitOrderTest@7c37508a]" started-at="2022-10-19T15:36:24 EDT" name="orderSubmit" data-provider="getDataForSubmitOrder" finished-at="2022-10-19T15:36:28 EDT" duration-ms="3809" status="PASS">
          <params>
            <param index="0">
              <value>
                <![CDATA[{password=P@ul@llen1, product=ADIDAS ORIGINAL, email=paulallen@email.com}]]>
              </value>
            </param>
          </params>
          <reporter-output>
          </reporter-output>
        </test-method> <!-- orderSubmit -->
        <test-method is-config="true" signature="tearDown()[pri:0, instance:AkarCorp.Tests.SubmitOrderTest@7c37508a]" started-at="2022-10-19T15:36:28 EDT" name="tearDown" finished-at="2022-10-19T15:36:28 EDT" duration-ms="159" status="PASS">
          <reporter-output>
          </reporter-output>
        </test-method> <!-- tearDown -->
        <test-method is-config="true" signature="launchApplication()[pri:0, instance:AkarCorp.Tests.SubmitOrderTest@7c37508a]" started-at="2022-10-19T15:36:28 EDT" name="launchApplication" finished-at="2022-10-19T15:36:31 EDT" duration-ms="3666" status="PASS">
          <reporter-output>
          </reporter-output>
        </test-method> <!-- launchApplication -->
        <test-method signature="orderHistoryVerify(java.lang.String,java.lang.String,java.lang.String)[pri:0, instance:AkarCorp.Tests.SubmitOrderTest@7c37508a]" started-at="2022-10-19T15:36:31 EDT" name="orderHistoryVerify" data-provider="getDataForVerifyOrder" finished-at="2022-10-19T15:36:32 EDT" depends-on-methods="AkarCorp.Tests.SubmitOrderTest.orderSubmit" duration-ms="932" status="PASS">
          <params>
            <param index="0">
              <value>
                <![CDATA[patrickbateman@email.com]]>
              </value>
            </param>
            <param index="1">
              <value>
                <![CDATA[P@trick1]]>
              </value>
            </param>
            <param index="2">
              <value>
                <![CDATA[ZARA COAT 3]]>
              </value>
            </param>
          </params>
          <reporter-output>
          </reporter-output>
        </test-method> <!-- orderHistoryVerify -->
        <test-method is-config="true" signature="tearDown()[pri:0, instance:AkarCorp.Tests.SubmitOrderTest@7c37508a]" started-at="2022-10-19T15:36:32 EDT" name="tearDown" finished-at="2022-10-19T15:36:32 EDT" duration-ms="122" status="PASS">
          <reporter-output>
          </reporter-output>
        </test-method> <!-- tearDown -->
        <test-method is-config="true" signature="launchApplication()[pri:0, instance:AkarCorp.Tests.SubmitOrderTest@7c37508a]" started-at="2022-10-19T15:36:32 EDT" name="launchApplication" finished-at="2022-10-19T15:36:36 EDT" duration-ms="3816" status="PASS">
          <reporter-output>
          </reporter-output>
        </test-method> <!-- launchApplication -->
        <test-method signature="orderHistoryVerify(java.lang.String,java.lang.String,java.lang.String)[pri:0, instance:AkarCorp.Tests.SubmitOrderTest@7c37508a]" started-at="2022-10-19T15:36:36 EDT" name="orderHistoryVerify" data-provider="getDataForVerifyOrder" finished-at="2022-10-19T15:36:37 EDT" depends-on-methods="AkarCorp.Tests.SubmitOrderTest.orderSubmit" duration-ms="820" status="PASS">
          <params>
            <param index="0">
              <value>
                <![CDATA[paulallen@email.com]]>
              </value>
            </param>
            <param index="1">
              <value>
                <![CDATA[P@ul@llen1]]>
              </value>
            </param>
            <param index="2">
              <value>
                <![CDATA[ADIDAS ORIGINAL]]>
              </value>
            </param>
          </params>
          <reporter-output>
          </reporter-output>
        </test-method> <!-- orderHistoryVerify -->
        <test-method is-config="true" signature="tearDown()[pri:0, instance:AkarCorp.Tests.SubmitOrderTest@7c37508a]" started-at="2022-10-19T15:36:37 EDT" name="tearDown" finished-at="2022-10-19T15:36:37 EDT" duration-ms="136" status="PASS">
          <reporter-output>
          </reporter-output>
        </test-method> <!-- tearDown -->
      </class> <!-- AkarCorp.Tests.SubmitOrderTest -->
    </test> <!-- Submit Order Test -->
  </suite> <!-- Suite -->
</testng-results>
