<?xml version="1.0" encoding="UTF-8"?>
<testng-results ignored="0" total="4" passed="4" failed="0" skipped="0">
  <reporter-output>
  </reporter-output>
  <suite started-at="2022-10-19T17:09:31 EDT" name="Suite" finished-at="2022-10-19T17:09:56 EDT" duration-ms="25730">
    <groups>
      <group name="Purchase">
        <method signature="SubmitOrderTest.orderSubmit(java.util.HashMap)[pri:0, instance:AkarCorp.Tests.SubmitOrderTest@ab7395e]" name="orderSubmit" class="AkarCorp.Tests.SubmitOrderTest"/>
        <method signature="SubmitOrderTest.orderHistoryVerify(java.lang.String,java.lang.String,java.lang.String)[pri:0, instance:AkarCorp.Tests.SubmitOrderTest@ab7395e]" name="orderHistoryVerify" class="AkarCorp.Tests.SubmitOrderTest"/>
      </group> <!-- Purchase -->
    </groups>
    <test started-at="2022-10-19T17:09:31 EDT" name="Submit Order Test" finished-at="2022-10-19T17:09:56 EDT" duration-ms="25730">
      <class name="AkarCorp.Tests.SubmitOrderTest">
        <test-method is-config="true" signature="launchApplication()[pri:0, instance:AkarCorp.Tests.SubmitOrderTest@ab7395e]" started-at="2022-10-19T17:09:31 EDT" name="launchApplication" finished-at="2022-10-19T17:09:36 EDT" duration-ms="4824" status="PASS">
          <reporter-output>
          </reporter-output>
        </test-method> <!-- launchApplication -->
        <test-method signature="orderSubmit(java.util.HashMap)[pri:0, instance:AkarCorp.Tests.SubmitOrderTest@ab7395e]" started-at="2022-10-19T17:09:36 EDT" name="orderSubmit" data-provider="getDataForSubmitOrder" finished-at="2022-10-19T17:09:39 EDT" duration-ms="3656" status="PASS">
          <params>
            <param index="0">
              <value>
                <![CDATA[{password=P@trick1, product=ZARA COAT 3, email=patrickbateman@email.com}]]>
              </value>
            </param>
          </params>
          <reporter-output>
          </reporter-output>
        </test-method> <!-- orderSubmit -->
        <test-method is-config="true" signature="tearDown()[pri:0, instance:AkarCorp.Tests.SubmitOrderTest@ab7395e]" started-at="2022-10-19T17:09:39 EDT" name="tearDown" finished-at="2022-10-19T17:09:40 EDT" duration-ms="237" status="PASS">
          <reporter-output>
          </reporter-output>
        </test-method> <!-- tearDown -->
        <test-method is-config="true" signature="launchApplication()[pri:0, instance:AkarCorp.Tests.SubmitOrderTest@ab7395e]" started-at="2022-10-19T17:09:40 EDT" name="launchApplication" finished-at="2022-10-19T17:09:43 EDT" duration-ms="3723" status="PASS">
          <reporter-output>
          </reporter-output>
        </test-method> <!-- launchApplication -->
        <test-method signature="orderSubmit(java.util.HashMap)[pri:0, instance:AkarCorp.Tests.SubmitOrderTest@ab7395e]" started-at="2022-10-19T17:09:43 EDT" name="orderSubmit" data-provider="getDataForSubmitOrder" finished-at="2022-10-19T17:09:47 EDT" duration-ms="3577" status="PASS">
          <params>
            <param index="0">
              <value>
                <![CDATA[{password=P@ul@llen1, product=ADIDAS ORIGINAL, email=paulallen@email.com}]]>
              </value>
            </param>
          </params>
          <reporter-output>
          </reporter-output>
        </test-method> <!-- orderSubmit -->
        <test-method is-config="true" signature="tearDown()[pri:0, instance:AkarCorp.Tests.SubmitOrderTest@ab7395e]" started-at="2022-10-19T17:09:47 EDT" name="tearDown" finished-at="2022-10-19T17:09:47 EDT" duration-ms="231" status="PASS">
          <reporter-output>
          </reporter-output>
        </test-method> <!-- tearDown -->
        <test-method is-config="true" signature="launchApplication()[pri:0, instance:AkarCorp.Tests.SubmitOrderTest@ab7395e]" started-at="2022-10-19T17:09:47 EDT" name="launchApplication" finished-at="2022-10-19T17:09:51 EDT" duration-ms="3614" status="PASS">
          <reporter-output>
          </reporter-output>
        </test-method> <!-- launchApplication -->
        <test-method signature="orderHistoryVerify(java.lang.String,java.lang.String,java.lang.String)[pri:0, instance:AkarCorp.Tests.SubmitOrderTest@ab7395e]" started-at="2022-10-19T17:09:51 EDT" name="orderHistoryVerify" data-provider="getDataForVerifyOrder" finished-at="2022-10-19T17:09:52 EDT" depends-on-methods="AkarCorp.Tests.SubmitOrderTest.orderSubmit" duration-ms="875" status="PASS">
          <params>
            <param index="0">
              <value>
                <![CDATA[patrickbateman@email.com]]>
              </value>
            </param>
            <param index="1">
              <value>
                <![CDATA[P@trick1]]>
              </value>
            </param>
            <param index="2">
              <value>
                <![CDATA[ZARA COAT 3]]>
              </value>
            </param>
          </params>
          <reporter-output>
          </reporter-output>
        </test-method> <!-- orderHistoryVerify -->
        <test-method is-config="true" signature="tearDown()[pri:0, instance:AkarCorp.Tests.SubmitOrderTest@ab7395e]" started-at="2022-10-19T17:09:52 EDT" name="tearDown" finished-at="2022-10-19T17:09:52 EDT" duration-ms="184" status="PASS">
          <reporter-output>
          </reporter-output>
        </test-method> <!-- tearDown -->
        <test-method is-config="true" signature="launchApplication()[pri:0, instance:AkarCorp.Tests.SubmitOrderTest@ab7395e]" started-at="2022-10-19T17:09:52 EDT" name="launchApplication" finished-at="2022-10-19T17:09:55 EDT" duration-ms="3533" status="PASS">
          <reporter-output>
          </reporter-output>
        </test-method> <!-- launchApplication -->
        <test-method signature="orderHistoryVerify(java.lang.String,java.lang.String,java.lang.String)[pri:0, instance:AkarCorp.Tests.SubmitOrderTest@ab7395e]" started-at="2022-10-19T17:09:55 EDT" name="orderHistoryVerify" data-provider="getDataForVerifyOrder" finished-at="2022-10-19T17:09:56 EDT" depends-on-methods="AkarCorp.Tests.SubmitOrderTest.orderSubmit" duration-ms="852" status="PASS">
          <params>
            <param index="0">
              <value>
                <![CDATA[paulallen@email.com]]>
              </value>
            </param>
            <param index="1">
              <value>
                <![CDATA[P@ul@llen1]]>
              </value>
            </param>
            <param index="2">
              <value>
                <![CDATA[ADIDAS ORIGINAL]]>
              </value>
            </param>
          </params>
          <reporter-output>
          </reporter-output>
        </test-method> <!-- orderHistoryVerify -->
        <test-method is-config="true" signature="tearDown()[pri:0, instance:AkarCorp.Tests.SubmitOrderTest@ab7395e]" started-at="2022-10-19T17:09:56 EDT" name="tearDown" finished-at="2022-10-19T17:09:56 EDT" duration-ms="198" status="PASS">
          <reporter-output>
          </reporter-output>
        </test-method> <!-- tearDown -->
      </class> <!-- AkarCorp.Tests.SubmitOrderTest -->
    </test> <!-- Submit Order Test -->
  </suite> <!-- Suite -->
</testng-results>
